    Checking rust_rmbg v0.1.0 (D:\ASUNA\Tools\Visual_studio\rust_upscaler)
error[E0282]: type annotations needed
  --> src\main.rs:68:18
   |
68 |     let weight = Ok(vb.get((out_c, in_c, k, k), "weight")?)?;
   |                  ^^ cannot infer type of the type parameter `E` declared on the enum `Result`
   |
help: consider specifying the generic arguments
   |
68 |     let weight = Ok::<candle_core::Tensor, E>(vb.get((out_c, in_c, k, k), "weight")?)?;
   |                    ++++++++++++++++++++++++++

error[E0283]: type annotations needed
  --> src\main.rs:68:18
   |
68 |     let weight = Ok(vb.get((out_c, in_c, k, k), "weight")?)?;
   |                  ^^                                        - type must be known at this point
   |                  |
   |                  cannot infer type of the type parameter `E` declared on the enum `Result`
   |
   = note: multiple `impl`s satisfying `anyhow::Error: From<_>` found in the following crates: `anyhow`, `core`:
           - impl<E> From<E> for anyhow::Error
             where E: std::error::Error, E: Send, E: Sync, E: 'static;
           - impl<T> From<T> for T;
help: consider specifying the generic arguments
   |
68 |     let weight = Ok::<candle_core::Tensor, E>(vb.get((out_c, in_c, k, k), "weight")?)?;
   |                    ++++++++++++++++++++++++++

error[E0283]: type annotations needed
  --> src\main.rs:70:14
   |
70 |         Some(Ok(vb.get(out_c, "bias")?)?)
   |              ^^                        - type must be known at this point
   |              |
   |              cannot infer type of the type parameter `E` declared on the enum `Result`
   |
   = note: multiple `impl`s satisfying `anyhow::Error: From<_>` found in the following crates: `anyhow`, `core`:
           - impl<E> From<E> for anyhow::Error
             where E: std::error::Error, E: Send, E: Sync, E: 'static;
           - impl<T> From<T> for T;
help: consider specifying the generic arguments
   |
70 |         Some(Ok::<candle_core::Tensor, E>(vb.get(out_c, "bias")?)?)
   |                ++++++++++++++++++++++++++

error[E0282]: type annotations needed
  --> src\main.rs:97:18
   |
97 |         let x1 = Ok(Tensor::cat(&[x, &x1], 1)?)?;
   |                  ^^ cannot infer type of the type parameter `E` declared on the enum `Result`
   |
help: consider specifying the generic arguments
   |
97 |         let x1 = Ok::<candle_core::Tensor, E>(Tensor::cat(&[x, &x1], 1)?)?;
   |                    ++++++++++++++++++++++++++

error[E0283]: type annotations needed
  --> src\main.rs:97:18
   |
97 |         let x1 = Ok(Tensor::cat(&[x, &x1], 1)?)?;
   |                  ^^                            - type must be known at this point
   |                  |
   |                  cannot infer type of the type parameter `E` declared on the enum `Result`
   |
   = note: multiple `impl`s satisfying `anyhow::Error: From<_>` found in the following crates: `anyhow`, `core`:
           - impl<E> From<E> for anyhow::Error
             where E: std::error::Error, E: Send, E: Sync, E: 'static;
           - impl<T> From<T> for T;
help: consider specifying the generic arguments
   |
97 |         let x1 = Ok::<candle_core::Tensor, E>(Tensor::cat(&[x, &x1], 1)?)?;
   |                    ++++++++++++++++++++++++++

error[E0283]: type annotations needed
  --> src\main.rs:99:18
   |
99 |         let x2 = Ok(Tensor::cat(&[x, &x1, &x2], 1)?)?;
   |                  ^^                                 - type must be known at this point
   |                  |
   |                  cannot infer type of the type parameter `E` declared on the enum `Result`
   |
   = note: multiple `impl`s satisfying `anyhow::Error: From<_>` found in the following crates: `anyhow`, `core`:
           - impl<E> From<E> for anyhow::Error
             where E: std::error::Error, E: Send, E: Sync, E: 'static;
           - impl<T> From<T> for T;
help: consider specifying the generic arguments
   |
99 |         let x2 = Ok::<candle_core::Tensor, E>(Tensor::cat(&[x, &x1, &x2], 1)?)?;
   |                    ++++++++++++++++++++++++++

error[E0283]: type annotations needed
   --> src\main.rs:101:18
    |
101 |         let x3 = Ok(Tensor::cat(&[x, &x1, &x2, &x3], 1)?)?;
    |                  ^^                                      - type must be known at this point
    |                  |
    |                  cannot infer type of the type parameter `E` declared on the enum `Result`
    |
    = note: multiple `impl`s satisfying `anyhow::Error: From<_>` found in the following crates: `anyhow`, `core`:
            - impl<E> From<E> for anyhow::Error
              where E: std::error::Error, E: Send, E: Sync, E: 'static;
            - impl<T> From<T> for T;
help: consider specifying the generic arguments
    |
101 |         let x3 = Ok::<candle_core::Tensor, E>(Tensor::cat(&[x, &x1, &x2, &x3], 1)?)?;
    |                    ++++++++++++++++++++++++++

error[E0283]: type annotations needed
   --> src\main.rs:103:18
    |
103 |         let x4 = Ok(Tensor::cat(&[x, &x1, &x2, &x3, &x4], 1)?)?;
    |                  ^^                                           - type must be known at this point
    |                  |
    |                  cannot infer type of the type parameter `E` declared on the enum `Result`
    |
    = note: multiple `impl`s satisfying `anyhow::Error: From<_>` found in the following crates: `anyhow`, `core`:
            - impl<E> From<E> for anyhow::Error
              where E: std::error::Error, E: Send, E: Sync, E: 'static;
            - impl<T> From<T> for T;
help: consider specifying the generic arguments
    |
103 |         let x4 = Ok::<candle_core::Tensor, E>(Tensor::cat(&[x, &x1, &x2, &x3, &x4], 1)?)?;
    |                    ++++++++++++++++++++++++++

error[E0283]: type annotations needed
   --> src\main.rs:104:18
    |
104 |         let x5 = Ok(self.c5.forward(&x4)?)?;
    |                  ^^                       - type must be known at this point
    |                  |
    |                  cannot infer type of the type parameter `E` declared on the enum `Result`
    |
    = note: multiple `impl`s satisfying `anyhow::Error: From<_>` found in the following crates: `anyhow`, `core`:
            - impl<E> From<E> for anyhow::Error
              where E: std::error::Error, E: Send, E: Sync, E: 'static;
            - impl<T> From<T> for T;
help: consider specifying the generic arguments
    |
104 |         let x5 = Ok::<candle_core::Tensor, E>(self.c5.forward(&x4)?)?;
    |                    ++++++++++++++++++++++++++

error[E0282]: type annotations needed
   --> src\main.rs:201:19
    |
201 |         let fea = Ok(self.conv_first.forward(x)?)?;
    |                   ^^ cannot infer type of the type parameter `E` declared on the enum `Result`
    |
help: consider specifying the generic arguments
    |
201 |         let fea = Ok::<candle_core::Tensor, E>(self.conv_first.forward(x)?)?;
    |                     ++++++++++++++++++++++++++

error[E0283]: type annotations needed
   --> src\main.rs:201:19
    |
201 |         let fea = Ok(self.conv_first.forward(x)?)?;
    |                   ^^                             - type must be known at this point
    |                   |
    |                   cannot infer type of the type parameter `E` declared on the enum `Result`
    |
    = note: multiple `impl`s satisfying `anyhow::Error: From<_>` found in the following crates: `anyhow`, `core`:
            - impl<E> From<E> for anyhow::Error
              where E: std::error::Error, E: Send, E: Sync, E: 'static;
            - impl<T> From<T> for T;
help: consider specifying the generic arguments
    |
201 |         let fea = Ok::<candle_core::Tensor, E>(self.conv_first.forward(x)?)?;
    |                     ++++++++++++++++++++++++++

error[E0283]: type annotations needed
   --> src\main.rs:204:21
    |
204 |             trunk = Ok(block.forward(&trunk)?)?;
    |                     ^^                        - type must be known at this point
    |                     |
    |                     cannot infer type of the type parameter `E` declared on the enum `Result`
    |
    = note: multiple `impl`s satisfying `anyhow::Error: From<_>` found in the following crates: `anyhow`, `core`:
            - impl<E> From<E> for anyhow::Error
              where E: std::error::Error, E: Send, E: Sync, E: 'static;
            - impl<T> From<T> for T;
help: consider specifying the generic arguments
    |
204 |             trunk = Ok::<candle_core::Tensor, E>(block.forward(&trunk)?)?;
    |                       ++++++++++++++++++++++++++

error[E0283]: type annotations needed
   --> src\main.rs:206:17
    |
206 |         trunk = Ok(self.conv_body.forward(&trunk)?)?;
    |                 ^^                                 - type must be known at this point
    |                 |
    |                 cannot infer type of the type parameter `E` declared on the enum `Result`
    |
    = note: multiple `impl`s satisfying `anyhow::Error: From<_>` found in the following crates: `anyhow`, `core`:
            - impl<E> From<E> for anyhow::Error
              where E: std::error::Error, E: Send, E: Sync, E: 'static;
            - impl<T> From<T> for T;
help: consider specifying the generic arguments
    |
206 |         trunk = Ok::<candle_core::Tensor, E>(self.conv_body.forward(&trunk)?)?;
    |                   ++++++++++++++++++++++++++

error[E0283]: type annotations needed
   --> src\main.rs:207:19
    |
207 |         let fea = Ok((&fea + &trunk)?)?;
    |                   ^^                  - type must be known at this point
    |                   |
    |                   cannot infer type of the type parameter `E` declared on the enum `Result`
    |
    = note: multiple `impl`s satisfying `anyhow::Error: From<_>` found in the following crates: `anyhow`, `core`:
            - impl<E> From<E> for anyhow::Error
              where E: std::error::Error, E: Send, E: Sync, E: 'static;
            - impl<T> From<T> for T;
help: consider specifying the generic arguments
    |
207 |         let fea = Ok::<candle_core::Tensor, E>((&fea + &trunk)?)?;
    |                     ++++++++++++++++++++++++++

error[E0283]: type annotations needed
   --> src\main.rs:209:55
    |
209 |         let fea = leaky_relu(&self.conv_up1.forward(&(Ok(upsample_nearest(&fea, 2)?)?))?, 0.2)?;
    |                                                       ^^                            - type must be known at this point
    |                                                       |
    |                                                       cannot infer type of the type parameter `E` declared on the enum `Result`
    |
    = note: multiple `impl`s satisfying `anyhow::Error: From<_>` found in the following crates: `anyhow`, `core`:
            - impl<E> From<E> for anyhow::Error
              where E: std::error::Error, E: Send, E: Sync, E: 'static;
            - impl<T> From<T> for T;
help: consider specifying the generic arguments
    |
209 |         let fea = leaky_relu(&self.conv_up1.forward(&(Ok::<candle_core::Tensor, E>(upsample_nearest(&fea, 2)?)?))?, 0.2)?;
    |                                                         ++++++++++++++++++++++++++

error[E0283]: type annotations needed
   --> src\main.rs:210:55
    |
210 |         let fea = leaky_relu(&self.conv_up2.forward(&(Ok(upsample_nearest(&fea, 2)?)?))?, 0.2)?;
    |                                                       ^^                            - type must be known at this point
    |                                                       |
    |                                                       cannot infer type of the type parameter `E` declared on the enum `Result`
    |
    = note: multiple `impl`s satisfying `anyhow::Error: From<_>` found in the following crates: `anyhow`, `core`:
            - impl<E> From<E> for anyhow::Error
              where E: std::error::Error, E: Send, E: Sync, E: 'static;
            - impl<T> From<T> for T;
help: consider specifying the generic arguments
    |
210 |         let fea = leaky_relu(&self.conv_up2.forward(&(Ok::<candle_core::Tensor, E>(upsample_nearest(&fea, 2)?)?))?, 0.2)?;
    |                                                         ++++++++++++++++++++++++++

error[E0283]: type annotations needed
   --> src\main.rs:212:19
    |
212 |         let out = Ok(self.conv_last.forward(&fea)?)?;
    |                   ^^                               - type must be known at this point
    |                   |
    |                   cannot infer type of the type parameter `E` declared on the enum `Result`
    |
    = note: multiple `impl`s satisfying `anyhow::Error: From<_>` found in the following crates: `anyhow`, `core`:
            - impl<E> From<E> for anyhow::Error
              where E: std::error::Error, E: Send, E: Sync, E: 'static;
            - impl<T> From<T> for T;
help: consider specifying the generic arguments
    |
212 |         let out = Ok::<candle_core::Tensor, E>(self.conv_last.forward(&fea)?)?;
    |                     ++++++++++++++++++++++++++

error[E0282]: type annotations needed
   --> src\main.rs:218:24
    |
218 |     let (b, c, h, w) = Ok(x.dims4()?)?;
    |                        ^^ cannot infer type of the type parameter `E` declared on the enum `Result`
    |
help: consider specifying the generic arguments
    |
218 |     let (b, c, h, w) = Ok::<(usize, usize, usize, usize), E>(x.dims4()?)?;
    |                          +++++++++++++++++++++++++++++++++++

error[E0283]: type annotations needed
   --> src\main.rs:218:24
    |
218 |     let (b, c, h, w) = Ok(x.dims4()?)?;
    |                        ^^            - type must be known at this point
    |                        |
    |                        cannot infer type of the type parameter `E` declared on the enum `Result`
    |
    = note: multiple `impl`s satisfying `anyhow::Error: From<_>` found in the following crates: `anyhow`, `core`:
            - impl<E> From<E> for anyhow::Error
              where E: std::error::Error, E: Send, E: Sync, E: 'static;
            - impl<T> From<T> for T;
help: consider specifying the generic arguments
    |
218 |     let (b, c, h, w) = Ok::<(usize, usize, usize, usize), E>(x.dims4()?)?;
    |                          +++++++++++++++++++++++++++++++++++

error[E0283]: type annotations needed
   --> src\main.rs:219:13
    |
219 |     let x = Ok(x.unsqueeze(4)?.repeat(&[1, 1, 1, 1, scale])?)?;
    |             ^^                                               - type must be known at this point
    |             |
    |             cannot infer type of the type parameter `E` declared on the enum `Result`
    |
    = note: multiple `impl`s satisfying `anyhow::Error: From<_>` found in the following crates: `anyhow`, `core`:
            - impl<E> From<E> for anyhow::Error
              where E: std::error::Error, E: Send, E: Sync, E: 'static;
            - impl<T> From<T> for T;
help: consider specifying the generic arguments
    |
219 |     let x = Ok::<candle_core::Tensor, E>(x.unsqueeze(4)?.repeat(&[1, 1, 1, 1, scale])?)?;
    |               ++++++++++++++++++++++++++

error[E0283]: type annotations needed
   --> src\main.rs:220:13
    |
220 |     let x = Ok(x.reshape((b, c, h, w * scale))?)?;
    |             ^^                                  - type must be known at this point
    |             |
    |             cannot infer type of the type parameter `E` declared on the enum `Result`
    |
    = note: multiple `impl`s satisfying `anyhow::Error: From<_>` found in the following crates: `anyhow`, `core`:
            - impl<E> From<E> for anyhow::Error
              where E: std::error::Error, E: Send, E: Sync, E: 'static;
            - impl<T> From<T> for T;
help: consider specifying the generic arguments
    |
220 |     let x = Ok::<candle_core::Tensor, E>(x.reshape((b, c, h, w * scale))?)?;
    |               ++++++++++++++++++++++++++

error[E0283]: type annotations needed
   --> src\main.rs:221:13
    |
221 |     let x = Ok(x.unsqueeze(3)?.repeat(&[1, 1, 1, scale, 1])?)?;
    |             ^^                                               - type must be known at this point
    |             |
    |             cannot infer type of the type parameter `E` declared on the enum `Result`
    |
    = note: multiple `impl`s satisfying `anyhow::Error: From<_>` found in the following crates: `anyhow`, `core`:
            - impl<E> From<E> for anyhow::Error
              where E: std::error::Error, E: Send, E: Sync, E: 'static;
            - impl<T> From<T> for T;
help: consider specifying the generic arguments
    |
221 |     let x = Ok::<candle_core::Tensor, E>(x.unsqueeze(3)?.repeat(&[1, 1, 1, scale, 1])?)?;
    |               ++++++++++++++++++++++++++

error[E0283]: type annotations needed
   --> src\main.rs:222:13
    |
222 |     let x = Ok(x.reshape((b, c, h * scale, w * scale))?)?;
    |             ^^                                          - type must be known at this point
    |             |
    |             cannot infer type of the type parameter `E` declared on the enum `Result`
    |
    = note: multiple `impl`s satisfying `anyhow::Error: From<_>` found in the following crates: `anyhow`, `core`:
            - impl<E> From<E> for anyhow::Error
              where E: std::error::Error, E: Send, E: Sync, E: 'static;
            - impl<T> From<T> for T;
help: consider specifying the generic arguments
    |
222 |     let x = Ok::<candle_core::Tensor, E>(x.reshape((b, c, h * scale, w * scale))?)?;
    |               ++++++++++++++++++++++++++

Some errors have detailed explanations: E0282, E0283.
For more information about an error, try `rustc --explain E0282`.
error: could not compile `rust_rmbg` (bin "rust_rmbg") due to 23 previous errors
